::1 - GET / HTTP/1.1 200 3699 - 1740.254 ms
::1 - GET /images/avatar.jpg HTTP/1.1 200 19739 - 25.164 ms
::1 - GET /css/main.css HTTP/1.1 200 5045 - 143.343 ms
::1 - GET /css/normalize.css HTTP/1.1 200 6138 - 147.212 ms
::1 - GET /images/banner.jpg HTTP/1.1 200 27615 - 58.659 ms
::1 - GET /login HTTP/1.1 200 1102 - 149.353 ms
::1 - GET /css/normalize.css HTTP/1.1 200 6138 - 3.320 ms
::1 - GET /css/main.css HTTP/1.1 200 5045 - 5.393 ms
::1 - GET /images/login.jpg HTTP/1.1 200 150343 - 108.712 ms
::1 - POST /login HTTP/1.1 - - - - ms
::1 - POST /login HTTP/1.1 200 1178 - 447.495 ms
::1 - GET /css/normalize.css HTTP/1.1 200 6138 - 1.572 ms
::1 - GET /css/main.css HTTP/1.1 200 5045 - 1.582 ms
::1 - GET /images/login.jpg HTTP/1.1 200 150343 - 0.700 ms
::1 - POST /login HTTP/1.1 302 46 - 999.855 ms
::1 - GET / HTTP/1.1 200 4883 - 10.023 ms
::1 - GET /css/normalize.css HTTP/1.1 200 6138 - 1.728 ms
::1 - GET /css/main.css HTTP/1.1 200 5045 - 1.359 ms
::1 - GET /images/avatar.jpg HTTP/1.1 200 19739 - 1.498 ms
::1 - GET /images/banner.jpg HTTP/1.1 200 27615 - 3.307 ms
::1 - GET / HTTP/1.1 200 4883 - 11.916 ms
::1 - GET /css/normalize.css HTTP/1.1 200 6138 - 4.242 ms
::1 - GET /css/main.css HTTP/1.1 200 5045 - 6.086 ms
::1 - GET /images/avatar.jpg HTTP/1.1 200 19739 - 6.578 ms
::1 - GET /images/banner.jpg HTTP/1.1 200 27615 - 0.587 ms
::1 - GET / HTTP/1.1 200 3699 - 306.718 ms
::1 - GET /css/normalize.css HTTP/1.1 200 6138 - 71.885 ms
::1 - GET /css/main.css HTTP/1.1 200 5045 - 164.855 ms
::1 - GET /images/banner.jpg HTTP/1.1 200 27615 - 33.083 ms
::1 - GET /images/avatar.jpg HTTP/1.1 200 19739 - 182.758 ms
::1 - GET /article/article-edit HTTP/1.1 302 56 - 47.316 ms
::1 - GET /login HTTP/1.1 200 1102 - 6.389 ms
::1 - GET /css/normalize.css HTTP/1.1 200 6138 - 3.471 ms
::1 - GET /css/main.css HTTP/1.1 200 5045 - 8.961 ms
::1 - GET /images/login.jpg HTTP/1.1 200 150343 - 31.658 ms
::1 - POST /login HTTP/1.1 500 1344 - 1378.964 ms
::1 - POST /login HTTP/1.1 302 46 - 90.068 ms
::1 - GET / HTTP/1.1 200 4883 - 100.175 ms
::1 - GET /css/main.css HTTP/1.1 200 5045 - 19.430 ms
::1 - GET /css/normalize.css HTTP/1.1 200 6138 - 38.288 ms
::1 - GET /images/avatar.jpg HTTP/1.1 200 19739 - 21.510 ms
::1 - GET /images/banner.jpg HTTP/1.1 200 27615 - 13.594 ms
::1 - GET /article/article-edit HTTP/1.1 200 1615 - 201.479 ms
::1 - GET /css/normalize.css HTTP/1.1 200 6138 - 3.508 ms
::1 - GET /css/main.css HTTP/1.1 200 5045 - 8.371 ms
::1 - GET /images/avatar.jpg HTTP/1.1 200 19739 - 1.031 ms
::1 - GET /images/banner.jpg HTTP/1.1 200 27615 - 1.457 ms
::1 - POST /article/edit HTTP/1.1 302 46 - 328.554 ms
::1 - GET / HTTP/1.1 200 4883 - 8.260 ms
::1 - GET /css/normalize.css HTTP/1.1 200 6138 - 2.416 ms
::1 - GET /css/main.css HTTP/1.1 200 5045 - 0.946 ms
::1 - GET /images/avatar.jpg HTTP/1.1 200 19739 - 3.258 ms
::1 - GET /images/banner.jpg HTTP/1.1 200 27615 - 11.268 ms
::1 - GET /article/14 HTTP/1.1 200 1472 - 309.405 ms
::1 - GET /css/normalize.css HTTP/1.1 200 6138 - 1.312 ms
::1 - GET /css/main.css HTTP/1.1 200 5045 - 1.256 ms
::1 - GET /images/avatar.jpg HTTP/1.1 200 19739 - 5.090 ms
::1 - GET /images/banner.jpg HTTP/1.1 200 27615 - 0.844 ms
::1 - GET / HTTP/1.1 200 4883 - 8.213 ms
::1 - GET /css/normalize.css HTTP/1.1 200 6138 - 1.971 ms
::1 - GET /css/main.css HTTP/1.1 200 5045 - 9.802 ms
::1 - GET /images/avatar.jpg HTTP/1.1 200 19739 - 7.913 ms
::1 - GET /images/banner.jpg HTTP/1.1 200 27615 - 1.698 ms
::1 - GET /article/modify/14 HTTP/1.1 200 1569 - 63.585 ms
::1 - GET /css/normalize.css HTTP/1.1 200 6138 - 1.962 ms
::1 - GET /css/main.css HTTP/1.1 200 5045 - 12.345 ms
::1 - GET /images/avatar.jpg HTTP/1.1 200 19739 - 1.258 ms
::1 - GET /images/banner.jpg HTTP/1.1 200 27615 - 1.779 ms
::1 - POST /article/modify/14 HTTP/1.1 302 46 - 226.440 ms
::1 - GET / HTTP/1.1 200 4883 - 8.196 ms
::1 - GET /css/normalize.css HTTP/1.1 200 6138 - 2.358 ms
::1 - GET /css/main.css HTTP/1.1 200 5045 - 10.911 ms
::1 - GET /images/avatar.jpg HTTP/1.1 200 19739 - 2.799 ms
::1 - GET /images/banner.jpg HTTP/1.1 200 27615 - 1.217 ms
::1 - GET /?page=2 HTTP/1.1 200 3141 - 8.176 ms
::1 - GET /css/normalize.css HTTP/1.1 200 6138 - 1.946 ms
::1 - GET /css/main.css HTTP/1.1 200 5045 - 11.039 ms
::1 - GET /images/avatar.jpg HTTP/1.1 200 19739 - 1.644 ms
::1 - GET /images/banner.jpg HTTP/1.1 200 27615 - 5.180 ms
::1 - GET /logout HTTP/1.1 302 46 - 1.387 ms
::1 - GET / HTTP/1.1 200 3697 - 11.196 ms
::1 - GET /css/normalize.css HTTP/1.1 200 6138 - 1.354 ms
::1 - GET /css/main.css HTTP/1.1 200 5045 - 1.115 ms
::1 - GET /images/avatar.jpg HTTP/1.1 200 19739 - 1.115 ms
::1 - GET /images/banner.jpg HTTP/1.1 200 27615 - 1.836 ms
::1 - GET /login HTTP/1.1 200 1102 - 5.219 ms
::1 - GET /css/normalize.css HTTP/1.1 200 6138 - 1.619 ms
::1 - GET /css/main.css HTTP/1.1 200 5045 - 3.448 ms
::1 - GET /images/login.jpg HTTP/1.1 200 150343 - 18.215 ms
::1 - POST /login HTTP/1.1 200 1178 - 6.079 ms
::1 - GET /css/normalize.css HTTP/1.1 200 6138 - 0.941 ms
::1 - GET /css/main.css HTTP/1.1 200 5045 - 3.502 ms
::1 - GET /images/login.jpg HTTP/1.1 200 150343 - 2.124 ms
::1 - POST /login HTTP/1.1 302 46 - 3.544 ms
::1 - GET / HTTP/1.1 200 4883 - 8.391 ms
::1 - GET /css/normalize.css HTTP/1.1 200 6138 - 1.232 ms
::1 - GET /css/main.css HTTP/1.1 200 5045 - 0.940 ms
::1 - GET /images/avatar.jpg HTTP/1.1 200 19739 - 4.442 ms
::1 - GET /images/banner.jpg HTTP/1.1 200 27615 - 1.108 ms
::1 - GET / HTTP/1.1 200 3697 - 46.957 ms
::1 - GET /css/normalize.css HTTP/1.1 200 6138 - 8.702 ms
::1 - GET /css/main.css HTTP/1.1 200 5045 - 18.362 ms
::1 - GET /images/avatar.jpg HTTP/1.1 200 19739 - 1.288 ms
::1 - GET /images/banner.jpg HTTP/1.1 200 27615 - 0.896 ms
::1 - GET /login HTTP/1.1 200 1102 - 7.953 ms
::1 - GET /css/normalize.css HTTP/1.1 200 6138 - 3.775 ms
::1 - GET /css/main.css HTTP/1.1 200 5045 - 1.510 ms
::1 - GET /images/login.jpg HTTP/1.1 200 150343 - 20.678 ms
::1 - POST /login HTTP/1.1 302 46 - 287.441 ms
::1 - GET / HTTP/1.1 200 4883 - 12.577 ms
::1 - GET /css/normalize.css HTTP/1.1 200 6138 - 1.888 ms
::1 - GET /css/main.css HTTP/1.1 200 5045 - 1.554 ms
::1 - GET /images/avatar.jpg HTTP/1.1 200 19739 - 15.024 ms
::1 - GET /images/banner.jpg HTTP/1.1 200 27615 - 1.280 ms
::1 - GET /logout HTTP/1.1 302 46 - 0.780 ms
::1 - GET / HTTP/1.1 200 3697 - 8.080 ms
::1 - GET /css/normalize.css HTTP/1.1 200 6138 - 1.876 ms
::1 - GET /css/main.css HTTP/1.1 200 5045 - 0.984 ms
::1 - GET /images/avatar.jpg HTTP/1.1 200 19739 - 0.946 ms
::1 - GET /images/banner.jpg HTTP/1.1 200 27615 - 3.546 ms
::1 - GET / HTTP/1.1 200 3697 - 30.572 ms
::1 - GET /css/normalize.css HTTP/1.1 200 6138 - 6.792 ms
::1 - GET /css/main.css HTTP/1.1 200 5045 - 21.995 ms
::1 - GET /images/avatar.jpg HTTP/1.1 200 19739 - 1.173 ms
::1 - GET /images/banner.jpg HTTP/1.1 200 27615 - 1.090 ms
::1 - GET /login HTTP/1.1 200 1102 - 6.089 ms
::1 - GET /css/normalize.css HTTP/1.1 200 6138 - 4.572 ms
::1 - GET /css/main.css HTTP/1.1 200 5045 - 10.866 ms
::1 - GET /images/login.jpg HTTP/1.1 200 150343 - 1.764 ms
::1 - GET /login HTTP/1.1 200 1102 - 25.873 ms
::1 - GET /css/normalize.css HTTP/1.1 200 6138 - 8.729 ms
::1 - GET /css/main.css HTTP/1.1 200 5045 - 11.434 ms
::1 - GET /images/login.jpg HTTP/1.1 200 150343 - 1.499 ms
::1 - POST /login HTTP/1.1 302 46 - 311.447 ms
::1 - GET / HTTP/1.1 200 4883 - 24.055 ms
::1 - GET /css/normalize.css HTTP/1.1 200 6138 - 6.847 ms
::1 - GET /css/main.css HTTP/1.1 200 5045 - 13.124 ms
::1 - GET /images/avatar.jpg HTTP/1.1 200 19739 - 18.871 ms
::1 - GET /images/banner.jpg HTTP/1.1 200 27615 - 28.759 ms
::1 - GET / HTTP/1.1 200 3697 - 39.320 ms
::1 - GET /css/normalize.css HTTP/1.1 200 6138 - 14.897 ms
::1 - GET /css/main.css HTTP/1.1 200 5045 - 16.834 ms
::1 - GET /images/avatar.jpg HTTP/1.1 200 19739 - 5.393 ms
::1 - GET /images/banner.jpg HTTP/1.1 200 27615 - 33.577 ms
::1 - GET /login HTTP/1.1 200 1102 - 6.460 ms
::1 - GET /css/normalize.css HTTP/1.1 200 6138 - 2.674 ms
::1 - GET /css/main.css HTTP/1.1 200 5045 - 6.418 ms
::1 - GET /images/login.jpg HTTP/1.1 200 150343 - 100.747 ms
::1 - POST /login HTTP/1.1 302 46 - 27.520 ms
::1 - GET / HTTP/1.1 200 4883 - 7.503 ms
::1 - GET /css/normalize.css HTTP/1.1 200 6138 - 2.945 ms
::1 - GET /css/main.css HTTP/1.1 200 5045 - 6.158 ms
::1 - GET /images/avatar.jpg HTTP/1.1 200 19739 - 1.317 ms
::1 - GET /images/banner.jpg HTTP/1.1 200 27615 - 2.880 ms
