::1 - - [29/Mar/2020:10:08:06 +0000] "GET /login HTTP/1.1" 200 1102 "http://localhost:3000/" "Mozilla/5.0 (Windows NT 10.0; Win64; x64) AppleWebKit/537.36 (KHTML, like Gecko) Chrome/79.0.3945.88 Safari/537.36"
::1 - - [29/Mar/2020:10:08:06 +0000] "GET /css/normalize.css HTTP/1.1" 200 6138 "http://localhost:3000/login" "Mozilla/5.0 (Windows NT 10.0; Win64; x64) AppleWebKit/537.36 (KHTML, like Gecko) Chrome/79.0.3945.88 Safari/537.36"
::1 - - [29/Mar/2020:10:08:06 +0000] "GET /css/main.css HTTP/1.1" 200 5045 "http://localhost:3000/login" "Mozilla/5.0 (Windows NT 10.0; Win64; x64) AppleWebKit/537.36 (KHTML, like Gecko) Chrome/79.0.3945.88 Safari/537.36"
::1 - - [29/Mar/2020:10:08:06 +0000] "GET /images/login.jpg HTTP/1.1" 200 150343 "http://localhost:3000/css/main.css" "Mozilla/5.0 (Windows NT 10.0; Win64; x64) AppleWebKit/537.36 (KHTML, like Gecko) Chrome/79.0.3945.88 Safari/537.36"
::1 - GET /login HTTP/1.1 200 1102 - 26.814 ms
::1 - GET /css/normalize.css HTTP/1.1 200 6138 - 9.440 ms
::1 - GET /css/main.css HTTP/1.1 200 5045 - 11.073 ms
::1 - GET /images/login.jpg HTTP/1.1 200 150343 - 1.182 ms
::1 - GET / HTTP/1.1 200 3703 - 155.300 ms
::1 - GET /css/normalize.css HTTP/1.1 200 6138 - 10.350 ms
::1 - GET /css/main.css HTTP/1.1 200 5045 - 9.489 ms
::1 - GET /images/avatar.jpg HTTP/1.1 200 19739 - 14.876 ms
::1 - GET /images/banner.jpg HTTP/1.1 200 27615 - 2.020 ms
::1 - GET /article/12 HTTP/1.1 200 1450 - 377.052 ms
::1 - GET /css/normalize.css HTTP/1.1 200 6138 - 2.190 ms
::1 - GET /images/avatar.jpg HTTP/1.1 200 19739 - 2.004 ms
::1 - GET /css/main.css HTTP/1.1 200 5045 - 2.123 ms
::1 - GET /images/banner.jpg HTTP/1.1 200 27615 - 0.755 ms
::ffff:127.0.0.1 - GET /article/12 HTTP/1.1 200 1450 - 90.996 ms
::ffff:127.0.0.1 - GET /css/normalize.css HTTP/1.1 200 6138 - 8.539 ms
::1 - GET /css/main.css HTTP/1.1 200 5045 - 14.142 ms
::1 - GET /images/avatar.jpg HTTP/1.1 200 19739 - 14.432 ms
::1 - GET /images/banner.jpg HTTP/1.1 200 27615 - 0.882 ms
::1 - GET /about HTTP/1.1 200 1277 - 5.174 ms
::1 - GET /css/normalize.css HTTP/1.1 200 6138 - 3.693 ms
::1 - GET /css/main.css HTTP/1.1 200 5045 - 3.270 ms
::1 - GET /images/avatar.jpg HTTP/1.1 200 19739 - 10.705 ms
::1 - GET /images/banner.jpg HTTP/1.1 200 27615 - 1.074 ms
::1 - GET /friends HTTP/1.1 200 1783 - 2.673 ms
::1 - GET /css/normalize.css HTTP/1.1 200 6138 - 4.994 ms
::1 - GET /css/main.css HTTP/1.1 200 5045 - 10.868 ms
::1 - GET /images/avatar.jpg HTTP/1.1 200 19739 - 13.924 ms
::1 - GET /images/banner.jpg HTTP/1.1 200 27615 - 0.971 ms
::1 - GET /login HTTP/1.1 200 1102 - 5.370 ms
::1 - GET /css/normalize.css HTTP/1.1 200 6138 - 2.436 ms
::1 - GET /css/main.css HTTP/1.1 200 5045 - 9.577 ms
::1 - GET /images/login.jpg HTTP/1.1 200 150343 - 1.993 ms
::1 - POST /login HTTP/1.1 302 46 - 357.535 ms
::1 - GET / HTTP/1.1 200 4885 - 18.300 ms
::1 - GET /css/normalize.css HTTP/1.1 200 6138 - 4.332 ms
::1 - GET /css/main.css HTTP/1.1 200 5045 - 14.137 ms
::1 - GET /images/avatar.jpg HTTP/1.1 200 19739 - 2.861 ms
::1 - GET /images/banner.jpg HTTP/1.1 200 27615 - 3.532 ms
::1 - GET /?page=2 HTTP/1.1 200 2694 - 8.318 ms
::1 - GET /css/normalize.css HTTP/1.1 200 6138 - 3.012 ms
::1 - GET /css/main.css HTTP/1.1 200 5045 - 7.141 ms
::1 - GET /images/avatar.jpg HTTP/1.1 200 19739 - 12.138 ms
::1 - GET /images/banner.jpg HTTP/1.1 200 27615 - 1.013 ms
::1 - GET /article/delete/6 HTTP/1.1 302 46 - 95.619 ms
::1 - GET / HTTP/1.1 200 4885 - 5.992 ms
::1 - GET /css/main.css HTTP/1.1 200 5045 - 2.432 ms
::1 - GET /css/normalize.css HTTP/1.1 200 6138 - 2.225 ms
::1 - GET /images/avatar.jpg HTTP/1.1 200 19739 - 9.447 ms
::1 - GET /images/banner.jpg HTTP/1.1 200 27615 - 0.985 ms
::1 - GET /?page=2 HTTP/1.1 200 2253 - 5.142 ms
::1 - GET /css/normalize.css HTTP/1.1 200 6138 - 4.235 ms
::1 - GET /css/main.css HTTP/1.1 200 5045 - 8.993 ms
::1 - GET /images/avatar.jpg HTTP/1.1 200 19739 - 10.821 ms
::1 - GET /images/banner.jpg HTTP/1.1 200 27615 - 0.857 ms
::1 - GET /?page=1 HTTP/1.1 200 4885 - 4.860 ms
::1 - GET /css/normalize.css HTTP/1.1 200 6138 - 6.117 ms
::1 - GET /css/main.css HTTP/1.1 200 5045 - 9.858 ms
::1 - GET /images/avatar.jpg HTTP/1.1 200 19739 - 7.149 ms
::1 - GET /images/banner.jpg HTTP/1.1 200 27615 - 0.838 ms
::1 - GET /article/modify/12 HTTP/1.1 200 1555 - 6.610 ms
::1 - GET /css/normalize.css HTTP/1.1 200 6138 - 2.607 ms
::1 - GET /css/main.css HTTP/1.1 200 5045 - 6.444 ms
::1 - GET /images/avatar.jpg HTTP/1.1 200 19739 - 8.406 ms
::1 - GET /images/banner.jpg HTTP/1.1 200 27615 - 2.242 ms
::1 - POST /article/modify/12 HTTP/1.1 302 46 - 234.586 ms
::1 - GET / HTTP/1.1 200 4885 - 4.664 ms
::1 - GET /css/normalize.css HTTP/1.1 200 6138 - 4.464 ms
::1 - GET /css/main.css HTTP/1.1 200 5045 - 10.475 ms
::1 - GET /images/avatar.jpg HTTP/1.1 200 19739 - 11.009 ms
::1 - GET /images/banner.jpg HTTP/1.1 200 27615 - 0.945 ms
::1 - GET /?page=2 HTTP/1.1 200 2253 - 9.722 ms
::1 - GET /css/normalize.css HTTP/1.1 200 6138 - 2.828 ms
::1 - GET /css/main.css HTTP/1.1 200 5045 - 2.445 ms
::1 - GET /images/avatar.jpg HTTP/1.1 200 19739 - 10.453 ms
::1 - GET /images/banner.jpg HTTP/1.1 200 27615 - 0.757 ms
::1 - GET /?page=1 HTTP/1.1 200 4885 - 9.342 ms
::1 - GET /css/normalize.css HTTP/1.1 200 6138 - 4.259 ms
::1 - GET /css/main.css HTTP/1.1 200 5045 - 10.973 ms
::1 - GET /images/avatar.jpg HTTP/1.1 200 19739 - 9.933 ms
::1 - GET /images/banner.jpg HTTP/1.1 200 27615 - 0.916 ms
::1 - GET /article/modify/12 HTTP/1.1 200 1558 - 5.508 ms
::1 - GET /css/normalize.css HTTP/1.1 200 6138 - 7.020 ms
::1 - GET /css/main.css HTTP/1.1 200 5045 - 7.675 ms
::1 - GET /images/avatar.jpg HTTP/1.1 200 19739 - 8.833 ms
::1 - GET /images/banner.jpg HTTP/1.1 200 27615 - 1.278 ms
::1 - GET / HTTP/1.1 200 3703 - 45.188 ms
::1 - GET /css/normalize.css HTTP/1.1 200 6138 - 12.135 ms
::1 - GET /css/main.css HTTP/1.1 200 5045 - 18.668 ms
::1 - GET /images/avatar.jpg HTTP/1.1 200 19739 - 14.993 ms
::1 - GET /images/banner.jpg HTTP/1.1 200 27615 - 1.098 ms
::1 - GET / HTTP/1.1 200 3703 - 49.657 ms
::1 - GET /css/normalize.css HTTP/1.1 200 6138 - 12.647 ms
::1 - GET /css/main.css HTTP/1.1 200 5045 - 17.987 ms
::1 - GET /images/avatar.jpg HTTP/1.1 200 19739 - 16.499 ms
::1 - GET /images/banner.jpg HTTP/1.1 200 27615 - 2.481 ms
::1 - GET / HTTP/1.1 200 3703 - 82.411 ms
::1 - GET /css/normalize.css HTTP/1.1 200 6138 - 11.163 ms
::1 - GET /css/main.css HTTP/1.1 200 5045 - 10.778 ms
::1 - GET /images/avatar.jpg HTTP/1.1 200 19739 - 17.841 ms
::1 - GET /images/banner.jpg HTTP/1.1 200 27615 - 2.728 ms
::1 - GET / HTTP/1.1 200 3703 - 75.603 ms
::1 - GET /css/normalize.css HTTP/1.1 200 6138 - 5.954 ms
::1 - GET /css/main.css HTTP/1.1 200 5045 - 2.669 ms
::1 - GET /images/avatar.jpg HTTP/1.1 200 19739 - 6.870 ms
::1 - GET /images/banner.jpg HTTP/1.1 200 27615 - 1.063 ms
::1 - GET /article/edit HTTP/1.1 - - - - ms
::1 - GET / HTTP/1.1 200 3703 - 71.293 ms
::1 - GET /css/normalize.css HTTP/1.1 200 6138 - 9.123 ms
::1 - GET /css/main.css HTTP/1.1 200 5045 - 18.802 ms
::1 - GET /images/avatar.jpg HTTP/1.1 200 19739 - 16.698 ms
::1 - GET /images/banner.jpg HTTP/1.1 200 27615 - 0.904 ms
::1 - GET / HTTP/1.1 200 3703 - 36.015 ms
::1 - GET /css/normalize.css HTTP/1.1 200 6138 - 9.156 ms
::1 - GET /css/main.css HTTP/1.1 200 5045 - 14.781 ms
::ffff:127.0.0.1 - GET /images/avatar.jpg HTTP/1.1 200 19739 - 12.934 ms
::ffff:127.0.0.1 - GET /images/banner.jpg HTTP/1.1 200 27615 - 0.894 ms
::1 - GET /article/12 HTTP/1.1 200 1453 - 109.499 ms
::1 - GET /css/normalize.css HTTP/1.1 200 6138 - 2.635 ms
::1 - GET /css/main.css HTTP/1.1 200 5045 - 2.513 ms
::1 - GET /images/avatar.jpg HTTP/1.1 200 19739 - 16.781 ms
::1 - GET /images/banner.jpg HTTP/1.1 200 27615 - 1.694 ms
::1 - GET /article/12 HTTP/1.1 200 1453 - 132.942 ms
::1 - GET /css/normalize.css HTTP/1.1 200 6138 - 8.642 ms
::1 - GET /css/main.css HTTP/1.1 200 5045 - 17.871 ms
::1 - GET /images/avatar.jpg HTTP/1.1 200 19739 - 16.299 ms
::1 - GET /images/banner.jpg HTTP/1.1 200 27615 - 2.383 ms
::1 - GET / HTTP/1.1 200 3711 - 52.991 ms
::1 - GET /css/normalize.css HTTP/1.1 200 6138 - 10.439 ms
::1 - GET /css/main.css HTTP/1.1 200 5045 - 16.086 ms
::1 - GET /images/avatar.jpg HTTP/1.1 200 19739 - 13.578 ms
::1 - GET /images/banner.jpg HTTP/1.1 200 27615 - 0.790 ms
::1 - GET / HTTP/1.1 - - - - ms
::1 - GET /article/article-edit HTTP/1.1 302 56 - 61.816 ms
::1 - GET /login HTTP/1.1 200 1102 - 10.422 ms
::1 - GET /css/normalize.css HTTP/1.1 200 6138 - 8.438 ms
::1 - GET /css/main.css HTTP/1.1 200 5045 - 21.188 ms
::1 - GET /images/login.jpg HTTP/1.1 200 150343 - 1.334 ms
::1 - POST /login HTTP/1.1 302 46 - 75.554 ms
::1 - GET / HTTP/1.1 200 4893 - 12.214 ms
::1 - GET /css/normalize.css HTTP/1.1 200 6138 - 3.409 ms
::1 - GET /css/main.css HTTP/1.1 200 5045 - 11.268 ms
::1 - GET /images/avatar.jpg HTTP/1.1 200 19739 - 11.916 ms
::1 - GET /images/banner.jpg HTTP/1.1 200 27615 - 0.864 ms
::1 - GET /article/article-edit HTTP/1.1 200 1615 - 3.547 ms
::1 - GET /css/normalize.css HTTP/1.1 200 6138 - 1.017 ms
::1 - GET /css/main.css HTTP/1.1 200 5045 - 1.775 ms
::1 - GET /images/avatar.jpg HTTP/1.1 200 19739 - 3.325 ms
::1 - GET /images/banner.jpg HTTP/1.1 200 27615 - 0.863 ms
::1 - GET / HTTP/1.1 200 3711 - 67.453 ms
::1 - GET /css/normalize.css HTTP/1.1 200 6138 - 11.073 ms
::1 - GET /css/main.css HTTP/1.1 200 5045 - 18.470 ms
::1 - GET /images/avatar.jpg HTTP/1.1 200 19739 - 19.783 ms
::1 - GET /images/banner.jpg HTTP/1.1 200 27615 - 0.922 ms
::1 - GET /article/article-edit HTTP/1.1 302 56 - 22.854 ms
::1 - GET /login HTTP/1.1 200 1102 - 44.024 ms
::1 - GET /css/normalize.css HTTP/1.1 200 6138 - 7.399 ms
::1 - GET /css/main.css HTTP/1.1 200 5045 - 1.440 ms
::1 - GET /images/login.jpg HTTP/1.1 200 150343 - 0.922 ms
::1 - POST /login HTTP/1.1 302 46 - 92.646 ms
::1 - GET / HTTP/1.1 200 4893 - 8.531 ms
::1 - GET /css/normalize.css HTTP/1.1 200 6138 - 2.623 ms
::1 - GET /css/main.css HTTP/1.1 200 5045 - 9.032 ms
::1 - GET /images/avatar.jpg HTTP/1.1 200 19739 - 8.781 ms
::1 - GET /images/banner.jpg HTTP/1.1 200 27615 - 0.704 ms
::1 - GET /article/article-edit HTTP/1.1 200 1615 - 7.616 ms
::1 - GET /css/main.css HTTP/1.1 200 5045 - 1.332 ms
::1 - GET /css/normalize.css HTTP/1.1 200 6138 - 3.401 ms
::1 - GET /images/avatar.jpg HTTP/1.1 200 19739 - 13.135 ms
::1 - GET /images/banner.jpg HTTP/1.1 200 27615 - 0.931 ms
::1 - GET /logout HTTP/1.1 302 44 - 1.296 ms
::1 - GET / HTTP/1.1 200 3711 - 13.984 ms
::1 - GET /css/normalize.css HTTP/1.1 200 6138 - 4.736 ms
::1 - GET /css/main.css HTTP/1.1 200 5045 - 12.312 ms
::1 - GET /images/avatar.jpg HTTP/1.1 200 19739 - 6.174 ms
::1 - GET /images/banner.jpg HTTP/1.1 200 27615 - 0.949 ms
::1 - GET /article/article-edit HTTP/1.1 302 56 - 1.115 ms
::1 - GET /login HTTP/1.1 200 1102 - 4.277 ms
::1 - GET /css/normalize.css HTTP/1.1 200 6138 - 3.154 ms
::1 - GET /css/main.css HTTP/1.1 200 5045 - 7.936 ms
::1 - GET /images/login.jpg HTTP/1.1 200 150343 - 0.867 ms
::1 - POST /login HTTP/1.1 302 46 - 2.197 ms
::1 - GET / HTTP/1.1 200 4893 - 5.517 ms
::1 - GET /css/normalize.css HTTP/1.1 200 6138 - 2.563 ms
::1 - GET /css/main.css HTTP/1.1 200 5045 - 2.432 ms
::1 - GET /images/avatar.jpg HTTP/1.1 200 19739 - 0.998 ms
::1 - GET /images/banner.jpg HTTP/1.1 200 27615 - 1.062 ms
::1 - GET / HTTP/1.1 200 3711 - 270.399 ms
::1 - GET /css/main.css HTTP/1.1 200 5045 - 45.212 ms
::1 - GET /images/avatar.jpg HTTP/1.1 200 19739 - 57.855 ms
::1 - GET /css/normalize.css HTTP/1.1 200 6138 - 75.604 ms
::1 - GET /images/banner.jpg HTTP/1.1 200 27615 - 24.154 ms
::1 - GET /article/article-edit HTTP/1.1 302 56 - 25.312 ms
::1 - GET /login HTTP/1.1 200 1102 - 3.874 ms
::1 - GET /css/normalize.css HTTP/1.1 200 6138 - 2.532 ms
::1 - GET /css/main.css HTTP/1.1 200 5045 - 10.263 ms
::1 - GET /images/login.jpg HTTP/1.1 200 150343 - 25.806 ms
::1 - POST /login HTTP/1.1 302 46 - 262.829 ms
::1 - GET / HTTP/1.1 200 4893 - 10.305 ms
::1 - GET /css/normalize.css HTTP/1.1 200 6138 - 9.995 ms
::1 - GET /css/main.css HTTP/1.1 200 5045 - 18.021 ms
::1 - GET /images/avatar.jpg HTTP/1.1 200 19739 - 18.725 ms
::1 - GET /images/banner.jpg HTTP/1.1 200 27615 - 1.893 ms
::1 - GET /article/article-edit HTTP/1.1 200 1615 - 31.808 ms
::1 - GET /css/normalize.css HTTP/1.1 200 6138 - 5.543 ms
::1 - GET /css/main.css HTTP/1.1 200 5045 - 10.163 ms
::1 - GET /images/avatar.jpg HTTP/1.1 200 19739 - 9.440 ms
::1 - GET /images/banner.jpg HTTP/1.1 200 27615 - 1.487 ms
::1 - POST /article/edit HTTP/1.1 302 46 - 292.440 ms
::1 - GET / HTTP/1.1 200 4883 - 6.611 ms
::1 - GET /css/normalize.css HTTP/1.1 200 6138 - 2.540 ms
::1 - GET /css/main.css HTTP/1.1 200 5045 - 10.193 ms
::1 - GET /images/avatar.jpg HTTP/1.1 200 19739 - 11.995 ms
::1 - GET /images/banner.jpg HTTP/1.1 200 27615 - 0.952 ms
::1 - GET / HTTP/1.1 200 3699 - 159.464 ms
::1 - GET /css/normalize.css HTTP/1.1 200 6138 - 48.489 ms
::1 - GET /images/avatar.jpg HTTP/1.1 200 19739 - 51.980 ms
::1 - GET /css/main.css HTTP/1.1 200 5045 - 66.105 ms
::1 - GET /images/banner.jpg HTTP/1.1 200 27615 - 1.901 ms
::1 - GET / HTTP/1.1 200 3699 - 39.399 ms
::1 - GET /css/normalize.css HTTP/1.1 200 6138 - 7.747 ms
::1 - GET /css/main.css HTTP/1.1 200 5045 - 4.418 ms
::1 - GET /images/avatar.jpg HTTP/1.1 200 19739 - 4.527 ms
::1 - GET /images/banner.jpg HTTP/1.1 200 27615 - 0.825 ms
::1 - GET /login HTTP/1.1 200 1102 - 5.271 ms
::1 - GET /css/normalize.css HTTP/1.1 200 6138 - 2.874 ms
::1 - GET /css/main.css HTTP/1.1 200 5045 - 7.002 ms
::1 - GET /images/login.jpg HTTP/1.1 200 150343 - 29.532 ms
::1 - POST /login HTTP/1.1 302 46 - 331.129 ms
::1 - GET / HTTP/1.1 200 4883 - 9.537 ms
::1 - GET /css/normalize.css HTTP/1.1 200 6138 - 3.406 ms
::1 - GET /css/main.css HTTP/1.1 200 5045 - 2.996 ms
::1 - GET /images/avatar.jpg HTTP/1.1 200 19739 - 16.863 ms
::1 - GET /images/banner.jpg HTTP/1.1 200 27615 - 1.066 ms
::1 - GET /logout HTTP/1.1 302 46 - 1.143 ms
::1 - GET / HTTP/1.1 200 3699 - 5.869 ms
::1 - GET /css/normalize.css HTTP/1.1 200 6138 - 3.136 ms
::1 - GET /css/main.css HTTP/1.1 200 5045 - 7.511 ms
::1 - GET /images/avatar.jpg HTTP/1.1 200 19739 - 8.766 ms
::1 - GET /images/banner.jpg HTTP/1.1 200 27615 - 0.913 ms
::1 - GET /login HTTP/1.1 200 1102 - 3.719 ms
::1 - GET /css/normalize.css HTTP/1.1 200 6138 - 2.161 ms
::1 - GET /css/main.css HTTP/1.1 200 5045 - 7.758 ms
::1 - GET /images/login.jpg HTTP/1.1 200 150343 - 0.906 ms
